<?xml version="1.0" encoding="UTF-8"?>
<!-- Generated by org.testng.reporters.JUnitXMLReporter -->
<testsuite hostname="HarithaPC" name="Default test" tests="8" failures="0" timestamp="28 Apr 2018 14:55:17 GMT" time="204.621" errors="0">
  <testcase name="logintest" time="20.464" classname="com.rightmove.searchproperty.tests.SearchPropertyTest"/>
  <testcase name="logintest" time="30.231" classname="com.rightmove.searchproperty.tests.SearchPropertyTest"/>
  <testcase name="logintest" time="9.703" classname="com.rightmove.searchproperty.tests.SearchPropertyTest"/>
  <testcase name="logintest" time="39.656" classname="com.rightmove.searchproperty.tests.SearchPropertyTest"/>
  <testcase name="logintest" time="19.719" classname="com.rightmove.searchproperty.tests.SearchPropertyTest"/>
  <testcase name="logintest" time="29.288" classname="com.rightmove.searchproperty.tests.SearchPropertyTest"/>
  <testcase name="logintest" time="9.754" classname="com.rightmove.searchproperty.tests.SearchPropertyTest"/>
  <testcase name="logintest" time="39.036" classname="com.rightmove.searchproperty.tests.SearchPropertyTest"/>
</testsuite> <!-- Default test -->
