<?xml version="1.0" encoding="UTF-8"?>
<!-- Generated by org.testng.reporters.JUnitXMLReporter -->
<testsuite hostname="HarithaPC" name="Default test" tests="14" failures="0" timestamp="28 Apr 2018 22:07:58 GMT" time="285.752" errors="0">
  <testcase name="logintest" time="20.279" classname="com.rightmove.searchproperty.tests.SearchPropertyTest"/>
  <testcase name="logintest" time="30.698" classname="com.rightmove.searchproperty.tests.SearchPropertyTest"/>
  <testcase name="logintest" time="9.546" classname="com.rightmove.searchproperty.tests.SearchPropertyTest"/>
  <testcase name="logintest" time="39.488" classname="com.rightmove.searchproperty.tests.SearchPropertyTest"/>
  <testcase name="logintest" time="19.232" classname="com.rightmove.searchproperty.tests.SearchPropertyTest"/>
  <testcase name="logintest" time="30.001" classname="com.rightmove.searchproperty.tests.SearchPropertyTest"/>
  <testcase name="logintest" time="9.305" classname="com.rightmove.searchproperty.tests.SearchPropertyTest"/>
  <testcase name="logintest" time="39.295" classname="com.rightmove.searchproperty.tests.SearchPropertyTest"/>
  <testcase name="logintest" time="16.104" classname="com.rightmove.searchproperty.tests.SearchPropertyTest"/>
  <testcase name="logintest" time="5.983" classname="com.rightmove.searchproperty.tests.SearchPropertyTest"/>
  <testcase name="logintest" time="16.108" classname="com.rightmove.searchproperty.tests.SearchPropertyTest"/>
  <testcase name="logintest" time="15.916" classname="com.rightmove.searchproperty.tests.SearchPropertyTest"/>
  <testcase name="logintest" time="6.057" classname="com.rightmove.searchproperty.tests.SearchPropertyTest"/>
  <testcase name="logintest" time="16.515" classname="com.rightmove.searchproperty.tests.SearchPropertyTest"/>
</testsuite> <!-- Default test -->
